2016-08-24 05:19:42 [::1][-][-][error][yii\base\InvalidConfigException] exception 'yii\base\InvalidConfigException' with message 'The directory does not exist: F:/wamp/www/yii2_niexy/frontend/web/assets' in F:\wamp\www\yii2_niexy\vendor\yiisoft\yii2\web\AssetManager.php:211
Stack trace:
#0 F:\wamp\www\yii2_niexy\vendor\yiisoft\yii2\base\Object.php(107): yii\web\AssetManager->init()
#1 [internal function]: yii\base\Object->__construct(Array)
#2 F:\wamp\www\yii2_niexy\vendor\yiisoft\yii2\di\Container.php(373): ReflectionClass->newInstanceArgs(Array)
#3 F:\wamp\www\yii2_niexy\vendor\yiisoft\yii2\di\Container.php(154): yii\di\Container->build('yii\\web\\AssetMa...', Array, Array)
#4 F:\wamp\www\yii2_niexy\vendor\yiisoft\yii2\BaseYii.php(344): yii\di\Container->get('yii\\web\\AssetMa...', Array, Array)
#5 F:\wamp\www\yii2_niexy\vendor\yiisoft\yii2\di\ServiceLocator.php(133): yii\BaseYii::createObject(Array)
#6 F:\wamp\www\yii2_niexy\vendor\yiisoft\yii2\base\Application.php(600): yii\di\ServiceLocator->get('assetManager')
#7 F:\wamp\www\yii2_niexy\vendor\yiisoft\yii2\web\View.php(223): yii\base\Application->getAssetManager()
#8 F:\wamp\www\yii2_niexy\vendor\yiisoft\yii2\web\View.php(283): yii\web\View->getAssetManager()
#9 F:\wamp\www\yii2_niexy\vendor\yiisoft\yii2\web\AssetBundle.php(123): yii\web\View->registerAssetBundle('frontend\\assets...')
#10 F:\wamp\www\yii2_niexy\frontend\views\layouts\main.php(13): yii\web\AssetBundle::register(Object(yii\web\View))
#11 F:\wamp\www\yii2_niexy\vendor\yiisoft\yii2\base\View.php(325): require('F:\\wamp\\www\\yii...')
#12 F:\wamp\www\yii2_niexy\vendor\yiisoft\yii2\base\View.php(247): yii\base\View->renderPhpFile('F:\\wamp\\www\\yii...', Array)
#13 F:\wamp\www\yii2_niexy\vendor\yiisoft\yii2\base\Controller.php(393): yii\base\View->renderFile('F:\\wamp\\www\\yii...', Array, Object(frontend\controllers\SiteController))
#14 F:\wamp\www\yii2_niexy\vendor\yiisoft\yii2\base\Controller.php(379): yii\base\Controller->renderContent('\r\n\r\n</head>\r\n<b...')
#15 F:\wamp\www\yii2_niexy\frontend\controllers\SiteController.php(96): yii\base\Controller->render('home')
#16 [internal function]: frontend\controllers\SiteController->actionHome()
#17 F:\wamp\www\yii2_niexy\vendor\yiisoft\yii2\base\InlineAction.php(55): call_user_func_array(Array, Array)
#18 F:\wamp\www\yii2_niexy\vendor\yiisoft\yii2\base\Controller.php(154): yii\base\InlineAction->runWithParams(Array)
#19 F:\wamp\www\yii2_niexy\vendor\yiisoft\yii2\base\Module.php(454): yii\base\Controller->runAction('home', Array)
#20 F:\wamp\www\yii2_niexy\vendor\yiisoft\yii2\web\Application.php(87): yii\base\Module->runAction('site/home', Array)
#21 F:\wamp\www\yii2_niexy\vendor\yiisoft\yii2\base\Application.php(375): yii\web\Application->handleRequest(Object(yii\web\Request))
#22 F:\wamp\www\yii2_niexy\frontend\web\index.php(18): yii\base\Application->run()
#23 {main}
2016-08-24 05:19:42 [::1][-][-][info][application] $_GET = [
    'r' => 'site/home'
]

$_COOKIE = [
    '_backendUser' => '74c4d10af03dba8ca234d736fddf298412737cf0b6aefcfa5db0e27daaf88127a:2:{i:0;s:12:\"_backendUser\";i:1;s:46:\"[4,\"KFXb_AaIJByQwi3wNB8AsgH4WMCkZDsA\",2592000]\";}'
    '_identity' => '8fd8348a79f46f77c5e0cdf23097d664722ba6f37bdaca7d2534464dc12ed31ea:2:{i:0;s:9:\"_identity\";i:1;s:48:\"[352,\"238XOcy3Wkzx0vilGL41X8MHSOgz_cV8\",2592000]\";}'
    'PHPSESSID' => '9v1k5u8bsnbpmrqaao673lc331'
    '_frontendUser' => 'e2de9315d68e556f583361653fcb38510550e53d8d49cd7e3175ce57de117183a:2:{i:0;s:13:\"_frontendUser\";i:1;s:48:\"[352,\"238XOcy3Wkzx0vilGL41X8MHSOgz_cV8\",2592000]\";}'
    '_frontendCSRF' => '0ac73047bb4827ec888eee03740577e610e02bb08d2a7432dfe6c51d3c5a3740a:2:{i:0;s:13:\"_frontendCSRF\";i:1;s:32:\"cFb_vAXaHJfaT3O1Kxc1buQgj0VW3v_A\";}'
    '_pk_ref_1_1fff' => '[\"\",\"\",1472008154,\"http://127.0.0.1/www/web/\"]'
    '_pk_id_1_1fff' => '4216046a4a6716f2.1463130038.73.1472008154.1472008154.'
    '_pk_ses_1_1fff' => '*'
]

$_SERVER = [
    'HTTP_HOST' => 'localhost:10086'
    'HTTP_CONNECTION' => 'keep-alive'
    'HTTP_ACCEPT' => 'text/html,application/xhtml+xml,application/xml;q=0.9,image/webp,*/*;q=0.8'
    'HTTP_UPGRADE_INSECURE_REQUESTS' => '1'
    'HTTP_USER_AGENT' => 'Mozilla/5.0 (Windows NT 6.1; WOW64) AppleWebKit/537.36 (KHTML, like Gecko) Chrome/50.0.2661.102 Safari/537.36'
    'HTTP_ACCEPT_ENCODING' => 'gzip, deflate, sdch'
    'HTTP_ACCEPT_LANGUAGE' => 'zh-CN,zh;q=0.8,en;q=0.6'
    'HTTP_COOKIE' => '_backendUser=74c4d10af03dba8ca234d736fddf298412737cf0b6aefcfa5db0e27daaf88127a%3A2%3A%7Bi%3A0%3Bs%3A12%3A%22_backendUser%22%3Bi%3A1%3Bs%3A46%3A%22%5B4%2C%22KFXb_AaIJByQwi3wNB8AsgH4WMCkZDsA%22%2C2592000%5D%22%3B%7D; _identity=8fd8348a79f46f77c5e0cdf23097d664722ba6f37bdaca7d2534464dc12ed31ea%3A2%3A%7Bi%3A0%3Bs%3A9%3A%22_identity%22%3Bi%3A1%3Bs%3A48%3A%22%5B352%2C%22238XOcy3Wkzx0vilGL41X8MHSOgz_cV8%22%2C2592000%5D%22%3B%7D; PHPSESSID=9v1k5u8bsnbpmrqaao673lc331; _frontendUser=e2de9315d68e556f583361653fcb38510550e53d8d49cd7e3175ce57de117183a%3A2%3A%7Bi%3A0%3Bs%3A13%3A%22_frontendUser%22%3Bi%3A1%3Bs%3A48%3A%22%5B352%2C%22238XOcy3Wkzx0vilGL41X8MHSOgz_cV8%22%2C2592000%5D%22%3B%7D; _frontendCSRF=0ac73047bb4827ec888eee03740577e610e02bb08d2a7432dfe6c51d3c5a3740a%3A2%3A%7Bi%3A0%3Bs%3A13%3A%22_frontendCSRF%22%3Bi%3A1%3Bs%3A32%3A%22cFb_vAXaHJfaT3O1Kxc1buQgj0VW3v_A%22%3B%7D; _pk_ref.1.1fff=%5B%22%22%2C%22%22%2C1472008154%2C%22http%3A%2F%2F127.0.0.1%2Fwww%2Fweb%2F%22%5D; _pk_id.1.1fff=4216046a4a6716f2.1463130038.73.1472008154.1472008154.; _pk_ses.1.1fff=*'
    'PATH' => 'c:\\Program Files (x86)\\Intel\\iCLS Client\\;c:\\Program Files\\Intel\\iCLS Client\\;C:\\Windows\\system32;C:\\Windows;C:\\Windows\\System32\\Wbem;C:\\Windows\\System32\\WindowsPowerShell\\v1.0\\;C:\\Program Files\\Intel\\Intel(R) Management Engine Components\\DAL;C:\\Program Files\\Intel\\Intel(R) Management Engine Components\\IPT;C:\\Program Files (x86)\\Intel\\Intel(R) Management Engine Components\\DAL;C:\\Program Files (x86)\\Intel\\Intel(R) Management Engine Components\\IPT;C:\\Program Files (x86)\\NVIDIA Corporation\\PhysX\\Common;F:\\TortoiseGit\\bin;'
    'SystemRoot' => 'C:\\Windows'
    'COMSPEC' => 'C:\\Windows\\system32\\cmd.exe'
    'PATHEXT' => '.COM;.EXE;.BAT;.CMD;.VBS;.VBE;.JS;.JSE;.WSF;.WSH;.MSC'
    'WINDIR' => 'C:\\Windows'
    'SERVER_SIGNATURE' => '<address>Apache/2.4.9 (Win64) PHP/5.5.12 Server at localhost Port 10086</address>
'
    'SERVER_SOFTWARE' => 'Apache/2.4.9 (Win64) PHP/5.5.12'
    'SERVER_NAME' => 'localhost'
    'SERVER_ADDR' => '::1'
    'SERVER_PORT' => '10086'
    'REMOTE_ADDR' => '::1'
    'DOCUMENT_ROOT' => 'F:/wamp/www'
    'REQUEST_SCHEME' => 'http'
    'CONTEXT_PREFIX' => ''
    'CONTEXT_DOCUMENT_ROOT' => 'F:/wamp/www'
    'SERVER_ADMIN' => 'admin@example.com'
    'SCRIPT_FILENAME' => 'F:/wamp/www/yii2_niexy/frontend/web/index.php'
    'REMOTE_PORT' => '52535'
    'GATEWAY_INTERFACE' => 'CGI/1.1'
    'SERVER_PROTOCOL' => 'HTTP/1.1'
    'REQUEST_METHOD' => 'GET'
    'QUERY_STRING' => 'r=site/home'
    'REQUEST_URI' => '/yii2_niexy/frontend/web/?r=site/home'
    'SCRIPT_NAME' => '/yii2_niexy/frontend/web/index.php'
    'PHP_SELF' => '/yii2_niexy/frontend/web/index.php'
    'REQUEST_TIME_FLOAT' => 1472008782.002
    'REQUEST_TIME' => 1472008782
]
2016-08-24 05:48:38 [::1][-][-][error][yii\base\ErrorException:8] exception 'yii\base\ErrorException' with message 'Undefined index: cdnHost' in F:\wamp\www\yii2_niexy\frontend\views\user\index.php:3
Stack trace:
#0 F:\wamp\www\yii2_niexy\vendor\yiisoft\yii2\base\View.php(247): yii\base\View->renderPhpFile()
#1 F:\wamp\www\yii2_niexy\vendor\yiisoft\yii2\base\View.php(149): yii\base\View->renderFile()
#2 F:\wamp\www\yii2_niexy\vendor\yiisoft\yii2\base\Controller.php(378): yii\base\View->render()
#3 F:\wamp\www\yii2_niexy\frontend\controllers\UserController.php(78): yii\base\Controller->render()
#4 F:\wamp\www\yii2_niexy\vendor\yiisoft\yii2\base\InlineAction.php(55): frontend\controllers\UserController->actionIndex()
#5 F:\wamp\www\yii2_niexy\vendor\yiisoft\yii2\base\InlineAction.php(55): ::call_user_func_array:{F:\wamp\www\yii2_niexy\vendor\yiisoft\yii2\base\InlineAction.php:55}()
#6 F:\wamp\www\yii2_niexy\vendor\yiisoft\yii2\base\Controller.php(154): yii\base\InlineAction->runWithParams()
#7 F:\wamp\www\yii2_niexy\vendor\yiisoft\yii2\base\Module.php(454): yii\base\Controller->runAction()
#8 F:\wamp\www\yii2_niexy\vendor\yiisoft\yii2\web\Application.php(87): yii\base\Module->runAction()
#9 F:\wamp\www\yii2_niexy\vendor\yiisoft\yii2\base\Application.php(375): yii\web\Application->handleRequest()
#10 F:\wamp\www\yii2_niexy\frontend\web\index.php(18): yii\base\Application->run()
#11 {main}
2016-08-24 05:48:38 [::1][-][-][info][application] $_GET = [
    'r' => 'user/index'
]

$_COOKIE = [
    '_backendUser' => '74c4d10af03dba8ca234d736fddf298412737cf0b6aefcfa5db0e27daaf88127a:2:{i:0;s:12:\"_backendUser\";i:1;s:46:\"[4,\"KFXb_AaIJByQwi3wNB8AsgH4WMCkZDsA\",2592000]\";}'
    '_identity' => '8fd8348a79f46f77c5e0cdf23097d664722ba6f37bdaca7d2534464dc12ed31ea:2:{i:0;s:9:\"_identity\";i:1;s:48:\"[352,\"238XOcy3Wkzx0vilGL41X8MHSOgz_cV8\",2592000]\";}'
    'PHPSESSID' => '9v1k5u8bsnbpmrqaao673lc331'
    '_frontendUser' => 'e2de9315d68e556f583361653fcb38510550e53d8d49cd7e3175ce57de117183a:2:{i:0;s:13:\"_frontendUser\";i:1;s:48:\"[352,\"238XOcy3Wkzx0vilGL41X8MHSOgz_cV8\",2592000]\";}'
    '_frontendCSRF' => '0ac73047bb4827ec888eee03740577e610e02bb08d2a7432dfe6c51d3c5a3740a:2:{i:0;s:13:\"_frontendCSRF\";i:1;s:32:\"cFb_vAXaHJfaT3O1Kxc1buQgj0VW3v_A\";}'
    '_pk_ref_1_1fff' => '[\"\",\"\",1472008154,\"http://127.0.0.1/www/web/\"]'
    '_pk_id_1_1fff' => '4216046a4a6716f2.1463130038.73.1472008154.1472008154.'
    'advanced-frontend' => 'js5qv2mcaci8ro9h4i2k0e8as2'
    '_csrf-frontend' => '9e880aa7696211888f5631afbbd3cb19478c2c685a56472ea0826f942be03167a:2:{i:0;s:14:\"_csrf-frontend\";i:1;s:32:\"PLpYHP8h0XAODpLL-FqXXv3eZo4wJa6i\";}'
]

$_SERVER = [
    'HTTP_HOST' => 'localhost:10086'
    'HTTP_CONNECTION' => 'keep-alive'
    'HTTP_CACHE_CONTROL' => 'max-age=0'
    'HTTP_ACCEPT' => 'text/html,application/xhtml+xml,application/xml;q=0.9,image/webp,*/*;q=0.8'
    'HTTP_UPGRADE_INSECURE_REQUESTS' => '1'
    'HTTP_USER_AGENT' => 'Mozilla/5.0 (iPhone; CPU iPhone OS 9_1 like Mac OS X) AppleWebKit/601.1.46 (KHTML, like Gecko) Version/9.0 Mobile/13B143 Safari/601.1'
    'HTTP_REFERER' => 'http://localhost:10086/yii2_niexy/frontend/web/index.php?r=user%2Findex'
    'HTTP_ACCEPT_ENCODING' => 'gzip, deflate, sdch'
    'HTTP_ACCEPT_LANGUAGE' => 'zh-CN,zh;q=0.8,en;q=0.6'
    'HTTP_COOKIE' => '_backendUser=74c4d10af03dba8ca234d736fddf298412737cf0b6aefcfa5db0e27daaf88127a%3A2%3A%7Bi%3A0%3Bs%3A12%3A%22_backendUser%22%3Bi%3A1%3Bs%3A46%3A%22%5B4%2C%22KFXb_AaIJByQwi3wNB8AsgH4WMCkZDsA%22%2C2592000%5D%22%3B%7D; _identity=8fd8348a79f46f77c5e0cdf23097d664722ba6f37bdaca7d2534464dc12ed31ea%3A2%3A%7Bi%3A0%3Bs%3A9%3A%22_identity%22%3Bi%3A1%3Bs%3A48%3A%22%5B352%2C%22238XOcy3Wkzx0vilGL41X8MHSOgz_cV8%22%2C2592000%5D%22%3B%7D; PHPSESSID=9v1k5u8bsnbpmrqaao673lc331; _frontendUser=e2de9315d68e556f583361653fcb38510550e53d8d49cd7e3175ce57de117183a%3A2%3A%7Bi%3A0%3Bs%3A13%3A%22_frontendUser%22%3Bi%3A1%3Bs%3A48%3A%22%5B352%2C%22238XOcy3Wkzx0vilGL41X8MHSOgz_cV8%22%2C2592000%5D%22%3B%7D; _frontendCSRF=0ac73047bb4827ec888eee03740577e610e02bb08d2a7432dfe6c51d3c5a3740a%3A2%3A%7Bi%3A0%3Bs%3A13%3A%22_frontendCSRF%22%3Bi%3A1%3Bs%3A32%3A%22cFb_vAXaHJfaT3O1Kxc1buQgj0VW3v_A%22%3B%7D; _pk_ref.1.1fff=%5B%22%22%2C%22%22%2C1472008154%2C%22http%3A%2F%2F127.0.0.1%2Fwww%2Fweb%2F%22%5D; _pk_id.1.1fff=4216046a4a6716f2.1463130038.73.1472008154.1472008154.; advanced-frontend=js5qv2mcaci8ro9h4i2k0e8as2; _csrf-frontend=9e880aa7696211888f5631afbbd3cb19478c2c685a56472ea0826f942be03167a%3A2%3A%7Bi%3A0%3Bs%3A14%3A%22_csrf-frontend%22%3Bi%3A1%3Bs%3A32%3A%22PLpYHP8h0XAODpLL-FqXXv3eZo4wJa6i%22%3B%7D'
    'PATH' => 'c:\\Program Files (x86)\\Intel\\iCLS Client\\;c:\\Program Files\\Intel\\iCLS Client\\;C:\\Windows\\system32;C:\\Windows;C:\\Windows\\System32\\Wbem;C:\\Windows\\System32\\WindowsPowerShell\\v1.0\\;C:\\Program Files\\Intel\\Intel(R) Management Engine Components\\DAL;C:\\Program Files\\Intel\\Intel(R) Management Engine Components\\IPT;C:\\Program Files (x86)\\Intel\\Intel(R) Management Engine Components\\DAL;C:\\Program Files (x86)\\Intel\\Intel(R) Management Engine Components\\IPT;C:\\Program Files (x86)\\NVIDIA Corporation\\PhysX\\Common;F:\\TortoiseGit\\bin;'
    'SystemRoot' => 'C:\\Windows'
    'COMSPEC' => 'C:\\Windows\\system32\\cmd.exe'
    'PATHEXT' => '.COM;.EXE;.BAT;.CMD;.VBS;.VBE;.JS;.JSE;.WSF;.WSH;.MSC'
    'WINDIR' => 'C:\\Windows'
    'SERVER_SIGNATURE' => '<address>Apache/2.4.9 (Win64) PHP/5.5.12 Server at localhost Port 10086</address>
'
    'SERVER_SOFTWARE' => 'Apache/2.4.9 (Win64) PHP/5.5.12'
    'SERVER_NAME' => 'localhost'
    'SERVER_ADDR' => '::1'
    'SERVER_PORT' => '10086'
    'REMOTE_ADDR' => '::1'
    'DOCUMENT_ROOT' => 'F:/wamp/www'
    'REQUEST_SCHEME' => 'http'
    'CONTEXT_PREFIX' => ''
    'CONTEXT_DOCUMENT_ROOT' => 'F:/wamp/www'
    'SERVER_ADMIN' => 'admin@example.com'
    'SCRIPT_FILENAME' => 'F:/wamp/www/yii2_niexy/frontend/web/index.php'
    'REMOTE_PORT' => '52885'
    'GATEWAY_INTERFACE' => 'CGI/1.1'
    'SERVER_PROTOCOL' => 'HTTP/1.1'
    'REQUEST_METHOD' => 'GET'
    'QUERY_STRING' => 'r=user%2Findex'
    'REQUEST_URI' => '/yii2_niexy/frontend/web/index.php?r=user%2Findex'
    'SCRIPT_NAME' => '/yii2_niexy/frontend/web/index.php'
    'PHP_SELF' => '/yii2_niexy/frontend/web/index.php'
    'REQUEST_TIME_FLOAT' => 1472010518.584
    'REQUEST_TIME' => 1472010518
]
2016-08-24 05:50:12 [::1][-][-][error][yii\base\ErrorException:8] exception 'yii\base\ErrorException' with message 'Undefined variable: allVote' in F:\wamp\www\yii2_niexy\frontend\views\user\index.php:31
Stack trace:
#0 F:\wamp\www\yii2_niexy\vendor\yiisoft\yii2\base\View.php(247): yii\base\View->renderPhpFile()
#1 F:\wamp\www\yii2_niexy\vendor\yiisoft\yii2\base\View.php(149): yii\base\View->renderFile()
#2 F:\wamp\www\yii2_niexy\vendor\yiisoft\yii2\base\Controller.php(378): yii\base\View->render()
#3 F:\wamp\www\yii2_niexy\frontend\controllers\UserController.php(78): yii\base\Controller->render()
#4 F:\wamp\www\yii2_niexy\vendor\yiisoft\yii2\base\InlineAction.php(55): frontend\controllers\UserController->actionIndex()
#5 F:\wamp\www\yii2_niexy\vendor\yiisoft\yii2\base\InlineAction.php(55): ::call_user_func_array:{F:\wamp\www\yii2_niexy\vendor\yiisoft\yii2\base\InlineAction.php:55}()
#6 F:\wamp\www\yii2_niexy\vendor\yiisoft\yii2\base\Controller.php(154): yii\base\InlineAction->runWithParams()
#7 F:\wamp\www\yii2_niexy\vendor\yiisoft\yii2\base\Module.php(454): yii\base\Controller->runAction()
#8 F:\wamp\www\yii2_niexy\vendor\yiisoft\yii2\web\Application.php(87): yii\base\Module->runAction()
#9 F:\wamp\www\yii2_niexy\vendor\yiisoft\yii2\base\Application.php(375): yii\web\Application->handleRequest()
#10 F:\wamp\www\yii2_niexy\frontend\web\index.php(18): yii\base\Application->run()
#11 {main}
2016-08-24 05:50:12 [::1][-][-][info][application] $_GET = [
    'r' => 'user/index'
]

$_COOKIE = [
    '_backendUser' => '74c4d10af03dba8ca234d736fddf298412737cf0b6aefcfa5db0e27daaf88127a:2:{i:0;s:12:\"_backendUser\";i:1;s:46:\"[4,\"KFXb_AaIJByQwi3wNB8AsgH4WMCkZDsA\",2592000]\";}'
    '_identity' => '8fd8348a79f46f77c5e0cdf23097d664722ba6f37bdaca7d2534464dc12ed31ea:2:{i:0;s:9:\"_identity\";i:1;s:48:\"[352,\"238XOcy3Wkzx0vilGL41X8MHSOgz_cV8\",2592000]\";}'
    'PHPSESSID' => '9v1k5u8bsnbpmrqaao673lc331'
    '_frontendUser' => 'e2de9315d68e556f583361653fcb38510550e53d8d49cd7e3175ce57de117183a:2:{i:0;s:13:\"_frontendUser\";i:1;s:48:\"[352,\"238XOcy3Wkzx0vilGL41X8MHSOgz_cV8\",2592000]\";}'
    '_frontendCSRF' => '0ac73047bb4827ec888eee03740577e610e02bb08d2a7432dfe6c51d3c5a3740a:2:{i:0;s:13:\"_frontendCSRF\";i:1;s:32:\"cFb_vAXaHJfaT3O1Kxc1buQgj0VW3v_A\";}'
    '_pk_ref_1_1fff' => '[\"\",\"\",1472008154,\"http://127.0.0.1/www/web/\"]'
    '_pk_id_1_1fff' => '4216046a4a6716f2.1463130038.73.1472008154.1472008154.'
    'advanced-frontend' => 'js5qv2mcaci8ro9h4i2k0e8as2'
    '_csrf-frontend' => '9e880aa7696211888f5631afbbd3cb19478c2c685a56472ea0826f942be03167a:2:{i:0;s:14:\"_csrf-frontend\";i:1;s:32:\"PLpYHP8h0XAODpLL-FqXXv3eZo4wJa6i\";}'
]

$_SERVER = [
    'HTTP_HOST' => 'localhost:10086'
    'HTTP_CONNECTION' => 'keep-alive'
    'HTTP_CACHE_CONTROL' => 'max-age=0'
    'HTTP_ACCEPT' => 'text/html,application/xhtml+xml,application/xml;q=0.9,image/webp,*/*;q=0.8'
    'HTTP_UPGRADE_INSECURE_REQUESTS' => '1'
    'HTTP_USER_AGENT' => 'Mozilla/5.0 (iPhone; CPU iPhone OS 9_1 like Mac OS X) AppleWebKit/601.1.46 (KHTML, like Gecko) Version/9.0 Mobile/13B143 Safari/601.1'
    'HTTP_REFERER' => 'http://localhost:10086/yii2_niexy/frontend/web/index.php?r=user%2Findex'
    'HTTP_ACCEPT_ENCODING' => 'gzip, deflate, sdch'
    'HTTP_ACCEPT_LANGUAGE' => 'zh-CN,zh;q=0.8,en;q=0.6'
    'HTTP_COOKIE' => '_backendUser=74c4d10af03dba8ca234d736fddf298412737cf0b6aefcfa5db0e27daaf88127a%3A2%3A%7Bi%3A0%3Bs%3A12%3A%22_backendUser%22%3Bi%3A1%3Bs%3A46%3A%22%5B4%2C%22KFXb_AaIJByQwi3wNB8AsgH4WMCkZDsA%22%2C2592000%5D%22%3B%7D; _identity=8fd8348a79f46f77c5e0cdf23097d664722ba6f37bdaca7d2534464dc12ed31ea%3A2%3A%7Bi%3A0%3Bs%3A9%3A%22_identity%22%3Bi%3A1%3Bs%3A48%3A%22%5B352%2C%22238XOcy3Wkzx0vilGL41X8MHSOgz_cV8%22%2C2592000%5D%22%3B%7D; PHPSESSID=9v1k5u8bsnbpmrqaao673lc331; _frontendUser=e2de9315d68e556f583361653fcb38510550e53d8d49cd7e3175ce57de117183a%3A2%3A%7Bi%3A0%3Bs%3A13%3A%22_frontendUser%22%3Bi%3A1%3Bs%3A48%3A%22%5B352%2C%22238XOcy3Wkzx0vilGL41X8MHSOgz_cV8%22%2C2592000%5D%22%3B%7D; _frontendCSRF=0ac73047bb4827ec888eee03740577e610e02bb08d2a7432dfe6c51d3c5a3740a%3A2%3A%7Bi%3A0%3Bs%3A13%3A%22_frontendCSRF%22%3Bi%3A1%3Bs%3A32%3A%22cFb_vAXaHJfaT3O1Kxc1buQgj0VW3v_A%22%3B%7D; _pk_ref.1.1fff=%5B%22%22%2C%22%22%2C1472008154%2C%22http%3A%2F%2F127.0.0.1%2Fwww%2Fweb%2F%22%5D; _pk_id.1.1fff=4216046a4a6716f2.1463130038.73.1472008154.1472008154.; advanced-frontend=js5qv2mcaci8ro9h4i2k0e8as2; _csrf-frontend=9e880aa7696211888f5631afbbd3cb19478c2c685a56472ea0826f942be03167a%3A2%3A%7Bi%3A0%3Bs%3A14%3A%22_csrf-frontend%22%3Bi%3A1%3Bs%3A32%3A%22PLpYHP8h0XAODpLL-FqXXv3eZo4wJa6i%22%3B%7D'
    'PATH' => 'c:\\Program Files (x86)\\Intel\\iCLS Client\\;c:\\Program Files\\Intel\\iCLS Client\\;C:\\Windows\\system32;C:\\Windows;C:\\Windows\\System32\\Wbem;C:\\Windows\\System32\\WindowsPowerShell\\v1.0\\;C:\\Program Files\\Intel\\Intel(R) Management Engine Components\\DAL;C:\\Program Files\\Intel\\Intel(R) Management Engine Components\\IPT;C:\\Program Files (x86)\\Intel\\Intel(R) Management Engine Components\\DAL;C:\\Program Files (x86)\\Intel\\Intel(R) Management Engine Components\\IPT;C:\\Program Files (x86)\\NVIDIA Corporation\\PhysX\\Common;F:\\TortoiseGit\\bin;'
    'SystemRoot' => 'C:\\Windows'
    'COMSPEC' => 'C:\\Windows\\system32\\cmd.exe'
    'PATHEXT' => '.COM;.EXE;.BAT;.CMD;.VBS;.VBE;.JS;.JSE;.WSF;.WSH;.MSC'
    'WINDIR' => 'C:\\Windows'
    'SERVER_SIGNATURE' => '<address>Apache/2.4.9 (Win64) PHP/5.5.12 Server at localhost Port 10086</address>
'
    'SERVER_SOFTWARE' => 'Apache/2.4.9 (Win64) PHP/5.5.12'
    'SERVER_NAME' => 'localhost'
    'SERVER_ADDR' => '::1'
    'SERVER_PORT' => '10086'
    'REMOTE_ADDR' => '::1'
    'DOCUMENT_ROOT' => 'F:/wamp/www'
    'REQUEST_SCHEME' => 'http'
    'CONTEXT_PREFIX' => ''
    'CONTEXT_DOCUMENT_ROOT' => 'F:/wamp/www'
    'SERVER_ADMIN' => 'admin@example.com'
    'SCRIPT_FILENAME' => 'F:/wamp/www/yii2_niexy/frontend/web/index.php'
    'REMOTE_PORT' => '52892'
    'GATEWAY_INTERFACE' => 'CGI/1.1'
    'SERVER_PROTOCOL' => 'HTTP/1.1'
    'REQUEST_METHOD' => 'GET'
    'QUERY_STRING' => 'r=user%2Findex'
    'REQUEST_URI' => '/yii2_niexy/frontend/web/index.php?r=user%2Findex'
    'SCRIPT_NAME' => '/yii2_niexy/frontend/web/index.php'
    'PHP_SELF' => '/yii2_niexy/frontend/web/index.php'
    'REQUEST_TIME_FLOAT' => 1472010612.249
    'REQUEST_TIME' => 1472010612
]
2016-08-24 05:50:13 [::1][-][-][error][yii\base\ErrorException:8] exception 'yii\base\ErrorException' with message 'Undefined variable: allVote' in F:\wamp\www\yii2_niexy\frontend\views\user\index.php:31
Stack trace:
#0 F:\wamp\www\yii2_niexy\vendor\yiisoft\yii2\base\View.php(247): yii\base\View->renderPhpFile()
#1 F:\wamp\www\yii2_niexy\vendor\yiisoft\yii2\base\View.php(149): yii\base\View->renderFile()
#2 F:\wamp\www\yii2_niexy\vendor\yiisoft\yii2\base\Controller.php(378): yii\base\View->render()
#3 F:\wamp\www\yii2_niexy\frontend\controllers\UserController.php(78): yii\base\Controller->render()
#4 F:\wamp\www\yii2_niexy\vendor\yiisoft\yii2\base\InlineAction.php(55): frontend\controllers\UserController->actionIndex()
#5 F:\wamp\www\yii2_niexy\vendor\yiisoft\yii2\base\InlineAction.php(55): ::call_user_func_array:{F:\wamp\www\yii2_niexy\vendor\yiisoft\yii2\base\InlineAction.php:55}()
#6 F:\wamp\www\yii2_niexy\vendor\yiisoft\yii2\base\Controller.php(154): yii\base\InlineAction->runWithParams()
#7 F:\wamp\www\yii2_niexy\vendor\yiisoft\yii2\base\Module.php(454): yii\base\Controller->runAction()
#8 F:\wamp\www\yii2_niexy\vendor\yiisoft\yii2\web\Application.php(87): yii\base\Module->runAction()
#9 F:\wamp\www\yii2_niexy\vendor\yiisoft\yii2\base\Application.php(375): yii\web\Application->handleRequest()
#10 F:\wamp\www\yii2_niexy\frontend\web\index.php(18): yii\base\Application->run()
#11 {main}
2016-08-24 05:50:12 [::1][-][-][info][application] $_GET = [
    'r' => 'user/index'
]

$_COOKIE = [
    '_backendUser' => '74c4d10af03dba8ca234d736fddf298412737cf0b6aefcfa5db0e27daaf88127a:2:{i:0;s:12:\"_backendUser\";i:1;s:46:\"[4,\"KFXb_AaIJByQwi3wNB8AsgH4WMCkZDsA\",2592000]\";}'
    '_identity' => '8fd8348a79f46f77c5e0cdf23097d664722ba6f37bdaca7d2534464dc12ed31ea:2:{i:0;s:9:\"_identity\";i:1;s:48:\"[352,\"238XOcy3Wkzx0vilGL41X8MHSOgz_cV8\",2592000]\";}'
    'PHPSESSID' => '9v1k5u8bsnbpmrqaao673lc331'
    '_frontendUser' => 'e2de9315d68e556f583361653fcb38510550e53d8d49cd7e3175ce57de117183a:2:{i:0;s:13:\"_frontendUser\";i:1;s:48:\"[352,\"238XOcy3Wkzx0vilGL41X8MHSOgz_cV8\",2592000]\";}'
    '_frontendCSRF' => '0ac73047bb4827ec888eee03740577e610e02bb08d2a7432dfe6c51d3c5a3740a:2:{i:0;s:13:\"_frontendCSRF\";i:1;s:32:\"cFb_vAXaHJfaT3O1Kxc1buQgj0VW3v_A\";}'
    '_pk_ref_1_1fff' => '[\"\",\"\",1472008154,\"http://127.0.0.1/www/web/\"]'
    '_pk_id_1_1fff' => '4216046a4a6716f2.1463130038.73.1472008154.1472008154.'
    'advanced-frontend' => 'js5qv2mcaci8ro9h4i2k0e8as2'
    '_csrf-frontend' => '9e880aa7696211888f5631afbbd3cb19478c2c685a56472ea0826f942be03167a:2:{i:0;s:14:\"_csrf-frontend\";i:1;s:32:\"PLpYHP8h0XAODpLL-FqXXv3eZo4wJa6i\";}'
]

$_SERVER = [
    'HTTP_HOST' => 'localhost:10086'
    'HTTP_CONNECTION' => 'keep-alive'
    'HTTP_CACHE_CONTROL' => 'max-age=0'
    'HTTP_ACCEPT' => 'text/html,application/xhtml+xml,application/xml;q=0.9,image/webp,*/*;q=0.8'
    'HTTP_UPGRADE_INSECURE_REQUESTS' => '1'
    'HTTP_USER_AGENT' => 'Mozilla/5.0 (iPhone; CPU iPhone OS 9_1 like Mac OS X) AppleWebKit/601.1.46 (KHTML, like Gecko) Version/9.0 Mobile/13B143 Safari/601.1'
    'HTTP_REFERER' => 'http://localhost:10086/yii2_niexy/frontend/web/index.php?r=user%2Findex'
    'HTTP_ACCEPT_ENCODING' => 'gzip, deflate, sdch'
    'HTTP_ACCEPT_LANGUAGE' => 'zh-CN,zh;q=0.8,en;q=0.6'
    'HTTP_COOKIE' => '_backendUser=74c4d10af03dba8ca234d736fddf298412737cf0b6aefcfa5db0e27daaf88127a%3A2%3A%7Bi%3A0%3Bs%3A12%3A%22_backendUser%22%3Bi%3A1%3Bs%3A46%3A%22%5B4%2C%22KFXb_AaIJByQwi3wNB8AsgH4WMCkZDsA%22%2C2592000%5D%22%3B%7D; _identity=8fd8348a79f46f77c5e0cdf23097d664722ba6f37bdaca7d2534464dc12ed31ea%3A2%3A%7Bi%3A0%3Bs%3A9%3A%22_identity%22%3Bi%3A1%3Bs%3A48%3A%22%5B352%2C%22238XOcy3Wkzx0vilGL41X8MHSOgz_cV8%22%2C2592000%5D%22%3B%7D; PHPSESSID=9v1k5u8bsnbpmrqaao673lc331; _frontendUser=e2de9315d68e556f583361653fcb38510550e53d8d49cd7e3175ce57de117183a%3A2%3A%7Bi%3A0%3Bs%3A13%3A%22_frontendUser%22%3Bi%3A1%3Bs%3A48%3A%22%5B352%2C%22238XOcy3Wkzx0vilGL41X8MHSOgz_cV8%22%2C2592000%5D%22%3B%7D; _frontendCSRF=0ac73047bb4827ec888eee03740577e610e02bb08d2a7432dfe6c51d3c5a3740a%3A2%3A%7Bi%3A0%3Bs%3A13%3A%22_frontendCSRF%22%3Bi%3A1%3Bs%3A32%3A%22cFb_vAXaHJfaT3O1Kxc1buQgj0VW3v_A%22%3B%7D; _pk_ref.1.1fff=%5B%22%22%2C%22%22%2C1472008154%2C%22http%3A%2F%2F127.0.0.1%2Fwww%2Fweb%2F%22%5D; _pk_id.1.1fff=4216046a4a6716f2.1463130038.73.1472008154.1472008154.; advanced-frontend=js5qv2mcaci8ro9h4i2k0e8as2; _csrf-frontend=9e880aa7696211888f5631afbbd3cb19478c2c685a56472ea0826f942be03167a%3A2%3A%7Bi%3A0%3Bs%3A14%3A%22_csrf-frontend%22%3Bi%3A1%3Bs%3A32%3A%22PLpYHP8h0XAODpLL-FqXXv3eZo4wJa6i%22%3B%7D'
    'PATH' => 'c:\\Program Files (x86)\\Intel\\iCLS Client\\;c:\\Program Files\\Intel\\iCLS Client\\;C:\\Windows\\system32;C:\\Windows;C:\\Windows\\System32\\Wbem;C:\\Windows\\System32\\WindowsPowerShell\\v1.0\\;C:\\Program Files\\Intel\\Intel(R) Management Engine Components\\DAL;C:\\Program Files\\Intel\\Intel(R) Management Engine Components\\IPT;C:\\Program Files (x86)\\Intel\\Intel(R) Management Engine Components\\DAL;C:\\Program Files (x86)\\Intel\\Intel(R) Management Engine Components\\IPT;C:\\Program Files (x86)\\NVIDIA Corporation\\PhysX\\Common;F:\\TortoiseGit\\bin;'
    'SystemRoot' => 'C:\\Windows'
    'COMSPEC' => 'C:\\Windows\\system32\\cmd.exe'
    'PATHEXT' => '.COM;.EXE;.BAT;.CMD;.VBS;.VBE;.JS;.JSE;.WSF;.WSH;.MSC'
    'WINDIR' => 'C:\\Windows'
    'SERVER_SIGNATURE' => '<address>Apache/2.4.9 (Win64) PHP/5.5.12 Server at localhost Port 10086</address>
'
    'SERVER_SOFTWARE' => 'Apache/2.4.9 (Win64) PHP/5.5.12'
    'SERVER_NAME' => 'localhost'
    'SERVER_ADDR' => '::1'
    'SERVER_PORT' => '10086'
    'REMOTE_ADDR' => '::1'
    'DOCUMENT_ROOT' => 'F:/wamp/www'
    'REQUEST_SCHEME' => 'http'
    'CONTEXT_PREFIX' => ''
    'CONTEXT_DOCUMENT_ROOT' => 'F:/wamp/www'
    'SERVER_ADMIN' => 'admin@example.com'
    'SCRIPT_FILENAME' => 'F:/wamp/www/yii2_niexy/frontend/web/index.php'
    'REMOTE_PORT' => '52893'
    'GATEWAY_INTERFACE' => 'CGI/1.1'
    'SERVER_PROTOCOL' => 'HTTP/1.1'
    'REQUEST_METHOD' => 'GET'
    'QUERY_STRING' => 'r=user%2Findex'
    'REQUEST_URI' => '/yii2_niexy/frontend/web/index.php?r=user%2Findex'
    'SCRIPT_NAME' => '/yii2_niexy/frontend/web/index.php'
    'PHP_SELF' => '/yii2_niexy/frontend/web/index.php'
    'REQUEST_TIME_FLOAT' => 1472010612.984
    'REQUEST_TIME' => 1472010612
]
